0 info it worked if it ends with ok
1 verbose cli [ '/usr/local/Cellar/node/0.10.5/bin/node',
1 verbose cli   '/usr/local/bin/npm',
1 verbose cli   'publish' ]
2 info using npm@1.2.18
3 info using node@v0.10.5
4 verbose publish [ '.' ]
5 verbose read json /Volumes/Bertha/users/koopa/development/playground/node-cluster-junction/package.json
6 verbose cache add [ '.', null ]
7 verbose cache add name=undefined spec="." args=[".",null]
8 verbose parsed url { protocol: null,
8 verbose parsed url   slashes: null,
8 verbose parsed url   auth: null,
8 verbose parsed url   host: null,
8 verbose parsed url   port: null,
8 verbose parsed url   hostname: null,
8 verbose parsed url   hash: null,
8 verbose parsed url   search: null,
8 verbose parsed url   query: null,
8 verbose parsed url   pathname: '.',
8 verbose parsed url   path: '.',
8 verbose parsed url   href: '.' }
9 silly lockFile 3a52ce78- .
10 verbose lock . /Volumes/Bertha/users/koopa/.npm/3a52ce78-.lock
11 verbose read json package.json
12 verbose tar pack [ '/var/folders/_3/jzgq6b0j5611gztdx7c8lxzh0000gn/T/npm-87850/1368802316152-0.834802721394226/tmp.tgz',
12 verbose tar pack   '.' ]
13 verbose tarball /var/folders/_3/jzgq6b0j5611gztdx7c8lxzh0000gn/T/npm-87850/1368802316152-0.834802721394226/tmp.tgz
14 verbose folder .
15 info prepublish cluster-junction@0.0.2
16 silly lockFile 3a52ce78- .
17 verbose lock . /Volumes/Bertha/users/koopa/.npm/3a52ce78-.lock
18 silly lockFile e7ee3ae2-316152-0-834802721394226-tmp-tgz /var/folders/_3/jzgq6b0j5611gztdx7c8lxzh0000gn/T/npm-87850/1368802316152-0.834802721394226/tmp.tgz
19 verbose lock /var/folders/_3/jzgq6b0j5611gztdx7c8lxzh0000gn/T/npm-87850/1368802316152-0.834802721394226/tmp.tgz /Volumes/Bertha/users/koopa/.npm/e7ee3ae2-316152-0-834802721394226-tmp-tgz.lock
20 silly lockFile 3a52ce78- .
21 silly lockFile 3a52ce78- .
22 silly lockFile e7ee3ae2-316152-0-834802721394226-tmp-tgz /var/folders/_3/jzgq6b0j5611gztdx7c8lxzh0000gn/T/npm-87850/1368802316152-0.834802721394226/tmp.tgz
23 silly lockFile e7ee3ae2-316152-0-834802721394226-tmp-tgz /var/folders/_3/jzgq6b0j5611gztdx7c8lxzh0000gn/T/npm-87850/1368802316152-0.834802721394226/tmp.tgz
24 verbose tar unpack /var/folders/_3/jzgq6b0j5611gztdx7c8lxzh0000gn/T/npm-87850/1368802316152-0.834802721394226/tmp.tgz
25 silly lockFile d2d86987-316152-0-834802721394226-package /var/folders/_3/jzgq6b0j5611gztdx7c8lxzh0000gn/T/npm-87850/1368802316152-0.834802721394226/package
26 verbose lock /var/folders/_3/jzgq6b0j5611gztdx7c8lxzh0000gn/T/npm-87850/1368802316152-0.834802721394226/package /Volumes/Bertha/users/koopa/.npm/d2d86987-316152-0-834802721394226-package.lock
27 silly lockFile e7ee3ae2-316152-0-834802721394226-tmp-tgz /var/folders/_3/jzgq6b0j5611gztdx7c8lxzh0000gn/T/npm-87850/1368802316152-0.834802721394226/tmp.tgz
28 verbose lock /var/folders/_3/jzgq6b0j5611gztdx7c8lxzh0000gn/T/npm-87850/1368802316152-0.834802721394226/tmp.tgz /Volumes/Bertha/users/koopa/.npm/e7ee3ae2-316152-0-834802721394226-tmp-tgz.lock
29 silly gunzTarPerm modes [ '755', '644' ]
30 silly gunzTarPerm extractEntry package.json
31 silly gunzTarPerm extractEntry .npmignore
32 silly gunzTarPerm extractEntry README.md
33 silly gunzTarPerm extractEntry index.js
34 silly gunzTarPerm extractEntry bin/cmd.js
35 silly gunzTarPerm extractEntry example/web.js
36 silly gunzTarPerm extractEntry example/worker.js
37 silly gunzTarPerm extractEntry example/cluster.json
38 verbose read json /var/folders/_3/jzgq6b0j5611gztdx7c8lxzh0000gn/T/npm-87850/1368802316152-0.834802721394226/package/package.json
39 silly lockFile d2d86987-316152-0-834802721394226-package /var/folders/_3/jzgq6b0j5611gztdx7c8lxzh0000gn/T/npm-87850/1368802316152-0.834802721394226/package
40 silly lockFile d2d86987-316152-0-834802721394226-package /var/folders/_3/jzgq6b0j5611gztdx7c8lxzh0000gn/T/npm-87850/1368802316152-0.834802721394226/package
41 silly lockFile e7ee3ae2-316152-0-834802721394226-tmp-tgz /var/folders/_3/jzgq6b0j5611gztdx7c8lxzh0000gn/T/npm-87850/1368802316152-0.834802721394226/tmp.tgz
42 silly lockFile e7ee3ae2-316152-0-834802721394226-tmp-tgz /var/folders/_3/jzgq6b0j5611gztdx7c8lxzh0000gn/T/npm-87850/1368802316152-0.834802721394226/tmp.tgz
43 verbose from cache /var/folders/_3/jzgq6b0j5611gztdx7c8lxzh0000gn/T/npm-87850/1368802316152-0.834802721394226/package/package.json
44 verbose tar pack [ '/Volumes/Bertha/users/koopa/.npm/cluster-junction/0.0.2/package.tgz',
44 verbose tar pack   '/var/folders/_3/jzgq6b0j5611gztdx7c8lxzh0000gn/T/npm-87850/1368802316152-0.834802721394226/package' ]
45 verbose tarball /Volumes/Bertha/users/koopa/.npm/cluster-junction/0.0.2/package.tgz
46 verbose folder /var/folders/_3/jzgq6b0j5611gztdx7c8lxzh0000gn/T/npm-87850/1368802316152-0.834802721394226/package
47 silly lockFile d2d86987-316152-0-834802721394226-package /var/folders/_3/jzgq6b0j5611gztdx7c8lxzh0000gn/T/npm-87850/1368802316152-0.834802721394226/package
48 verbose lock /var/folders/_3/jzgq6b0j5611gztdx7c8lxzh0000gn/T/npm-87850/1368802316152-0.834802721394226/package /Volumes/Bertha/users/koopa/.npm/d2d86987-316152-0-834802721394226-package.lock
49 silly lockFile bb2af493-uster-junction-0-0-2-package-tgz /Volumes/Bertha/users/koopa/.npm/cluster-junction/0.0.2/package.tgz
50 verbose lock /Volumes/Bertha/users/koopa/.npm/cluster-junction/0.0.2/package.tgz /Volumes/Bertha/users/koopa/.npm/bb2af493-uster-junction-0-0-2-package-tgz.lock
51 silly lockFile d2d86987-316152-0-834802721394226-package /var/folders/_3/jzgq6b0j5611gztdx7c8lxzh0000gn/T/npm-87850/1368802316152-0.834802721394226/package
52 silly lockFile d2d86987-316152-0-834802721394226-package /var/folders/_3/jzgq6b0j5611gztdx7c8lxzh0000gn/T/npm-87850/1368802316152-0.834802721394226/package
53 silly lockFile bb2af493-uster-junction-0-0-2-package-tgz /Volumes/Bertha/users/koopa/.npm/cluster-junction/0.0.2/package.tgz
54 silly lockFile bb2af493-uster-junction-0-0-2-package-tgz /Volumes/Bertha/users/koopa/.npm/cluster-junction/0.0.2/package.tgz
55 silly lockFile 7d7a9b10-m-cluster-junction-0-0-2-package /Volumes/Bertha/users/koopa/.npm/cluster-junction/0.0.2/package
56 verbose lock /Volumes/Bertha/users/koopa/.npm/cluster-junction/0.0.2/package /Volumes/Bertha/users/koopa/.npm/7d7a9b10-m-cluster-junction-0-0-2-package.lock
57 silly lockFile 7d7a9b10-m-cluster-junction-0-0-2-package /Volumes/Bertha/users/koopa/.npm/cluster-junction/0.0.2/package
58 silly lockFile 7d7a9b10-m-cluster-junction-0-0-2-package /Volumes/Bertha/users/koopa/.npm/cluster-junction/0.0.2/package
59 verbose tar unpack /Volumes/Bertha/users/koopa/.npm/cluster-junction/0.0.2/package.tgz
60 silly lockFile 7d7a9b10-m-cluster-junction-0-0-2-package /Volumes/Bertha/users/koopa/.npm/cluster-junction/0.0.2/package
61 verbose lock /Volumes/Bertha/users/koopa/.npm/cluster-junction/0.0.2/package /Volumes/Bertha/users/koopa/.npm/7d7a9b10-m-cluster-junction-0-0-2-package.lock
62 silly lockFile bb2af493-uster-junction-0-0-2-package-tgz /Volumes/Bertha/users/koopa/.npm/cluster-junction/0.0.2/package.tgz
63 verbose lock /Volumes/Bertha/users/koopa/.npm/cluster-junction/0.0.2/package.tgz /Volumes/Bertha/users/koopa/.npm/bb2af493-uster-junction-0-0-2-package-tgz.lock
64 silly gunzTarPerm modes [ '755', '644' ]
65 silly gunzTarPerm extractEntry package.json
66 silly gunzTarPerm extractEntry .npmignore
67 silly gunzTarPerm extractEntry README.md
68 silly gunzTarPerm extractEntry index.js
69 silly gunzTarPerm extractEntry bin/cmd.js
70 silly gunzTarPerm extractEntry example/web.js
71 silly gunzTarPerm extractEntry example/worker.js
72 silly gunzTarPerm extractEntry example/cluster.json
73 verbose read json /Volumes/Bertha/users/koopa/.npm/cluster-junction/0.0.2/package/package.json
74 silly lockFile 7d7a9b10-m-cluster-junction-0-0-2-package /Volumes/Bertha/users/koopa/.npm/cluster-junction/0.0.2/package
75 silly lockFile 7d7a9b10-m-cluster-junction-0-0-2-package /Volumes/Bertha/users/koopa/.npm/cluster-junction/0.0.2/package
76 silly lockFile bb2af493-uster-junction-0-0-2-package-tgz /Volumes/Bertha/users/koopa/.npm/cluster-junction/0.0.2/package.tgz
77 silly lockFile bb2af493-uster-junction-0-0-2-package-tgz /Volumes/Bertha/users/koopa/.npm/cluster-junction/0.0.2/package.tgz
78 silly shasum updated bytes 1602
79 info shasum 4e7be6b005741da6bf9ff0fd6e3d2bc499c701c8
79 info shasum /Volumes/Bertha/users/koopa/.npm/cluster-junction/0.0.2/package.tgz
80 verbose from cache /Volumes/Bertha/users/koopa/.npm/cluster-junction/0.0.2/package/package.json
81 verbose chmod /Volumes/Bertha/users/koopa/.npm/cluster-junction/0.0.2/package.tgz 644
82 verbose chown /Volumes/Bertha/users/koopa/.npm/cluster-junction/0.0.2/package.tgz [ 501, 20 ]
83 silly lockFile 3a52ce78- .
84 silly publish { name: 'cluster-junction',
84 silly publish   version: '0.0.2',
84 silly publish   description: 'Start and monitor a cluster of processes',
84 silly publish   main: 'index.js',
84 silly publish   bin: { 'cluster-junction': 'bin/cmd.js' },
84 silly publish   scripts: { test: 'echo "Error: no test specified" && exit 1' },
84 silly publish   repository:
84 silly publish    { type: 'git',
84 silly publish      url: 'git://github.com/SpiderStrategies/node-cluster-junction.git' },
84 silly publish   keywords: [ 'cluster', 'processes', 'forever', 'monitor' ],
84 silly publish   author:
84 silly publish    { name: 'Nathan Bowser',
84 silly publish      email: 'nathan.bowser@spiderstrategies.com' },
84 silly publish   license: 'BSD',
84 silly publish   readmeFilename: 'README.md',
84 silly publish   gitHead: '04cc52a259941e3fe9240811787e291f2a93e8dd',
84 silly publish   dependencies: { 'forever-monitor': '~1.2.2', optimist: '~0.4.0' },
84 silly publish   readme: 'node-cluster-junction\n=====================\n\nStarts and monitors a cluster of processes\n',
84 silly publish   _id: 'cluster-junction@0.0.2',
84 silly publish   dist: { shasum: '4e7be6b005741da6bf9ff0fd6e3d2bc499c701c8' },
84 silly publish   _from: '.' }
85 verbose url raw cluster-junction
86 verbose url resolving [ 'https://registry.npmjs.org/', './cluster-junction' ]
87 verbose url resolved https://registry.npmjs.org/cluster-junction
88 info trying registry request attempt 1 at 10:52:07
89 http PUT https://registry.npmjs.org/cluster-junction
90 http 409 https://registry.npmjs.org/cluster-junction
91 verbose url raw cluster-junction
92 verbose url resolving [ 'https://registry.npmjs.org/', './cluster-junction' ]
93 verbose url resolved https://registry.npmjs.org/cluster-junction
94 info trying registry request attempt 1 at 10:52:08
95 http GET https://registry.npmjs.org/cluster-junction
96 http 200 https://registry.npmjs.org/cluster-junction
97 error publish fail Cannot publish over existing version.
97 error publish fail Update the 'version' field in package.json and try again.
97 error publish fail
97 error publish fail If the previous version was published in error, see:
97 error publish fail     npm help unpublish
97 error publish fail
97 error publish fail To automatically increment version numbers, see:
97 error publish fail     npm help version
98 error System Darwin 11.4.2
99 error command "/usr/local/Cellar/node/0.10.5/bin/node" "/usr/local/bin/npm" "publish"
100 error cwd /Volumes/Bertha/users/koopa/development/playground/node-cluster-junction
101 error node -v v0.10.5
102 error npm -v 1.2.18
103 error code EPUBLISHCONFLICT
104 verbose exit [ 1, true ]
